ggml_cuda_init: found 1 CUDA devices (Total VRAM: 124610 MiB):
  Device 0: NVIDIA GB10, compute capability 12.1, VMM: yes, VRAM: 124610 MiB
ggml_backend_cuda_get_available_uma_memory: final available_memory_kb: 57732396
ggml_backend_cuda_graph_compute: CUDA graph warmup complete
Testing 2 devices

Backend 1/2: CUDA0
  Device description: NVIDIA GB10
  Device memory: 124610 MB (56379 MB free)

  MUL_MAT(type_a=q8_0,type_b=f32,m=512,n=12,k=256,bs=[1,1],nr=[1,1],per=[0,1,2,3],k_v=0,o=1):                 196608 runs -     5.22 us/run -   3.15 MFLOP/run - [1;34m602.27 GFLOPS[0m
  Backend CUDA0: [1;32mOK[0m
Backend 2/2: CPU
  Skipping
2/2 backends passed
[1;32mOK[0m
ggml_cuda_init: found 1 CUDA devices (Total VRAM: 124610 MiB):
  Device 0: NVIDIA GB10, compute capability 12.1, VMM: yes, VRAM: 124610 MiB
ggml_backend_cuda_get_available_uma_memory: final available_memory_kb: 57743112
Testing 2 devices

Backend 1/2: CUDA0
  Device description: NVIDIA GB10
  Device memory: 124610 MB (56389 MB free)

  MUL_MAT_ID(type_a=q8_0,type_b=f32,n_mats=256,n_used=8,b=0,m=2048,n=12,k=512):                 2485 runs -   464.69 us/run - 201.33 MFLOP/run - [1;34m433.25 GFLOPS[0m
  Backend CUDA0: [1;32mOK[0m
Backend 2/2: CPU
  Skipping
2/2 backends passed
[1;32mOK[0m
